2024-09-06T18:28:03.299001+0000 INFO Updated sudo_users: 6621610889, target: -1001760486667, volume: 5,bass: 20, pitch: -0.3
2024-09-06T18:28:03.299001+0000 INFO Updated sudo_users: 6621610889, target: -1001760486667, volume: 5,bass: 20, pitch: -0.3
2024-09-06T18:28:03.299001+0000 INFO Updated sudo_users: 6621610889, target: -1001760486667, volume: 5,bass: 20, pitch: -0.3
2024-09-06T18:28:03.299001+0000 INFO Updated sudo_users: 6621610889, target: -1001760486667, volume: 5,bass: 20, pitch: -0.3
2024-09-06T18:28:03.299001+0000 INFO Updated sudo_users: 6621610889, target: -1001760486667, volume: 5,bass: 20, pitch: -0.3
2024-09-06T18:28:04.672585+0000 INFO Updated sudo_users: 6621610889, target: -1001760486667, volume: 5,bass: 20, pitch: -0.3
2024-09-06T18:28:04.672585+0000 INFO Updated sudo_users: 6621610889, target: -1001760486667, volume: 5,bass: 20, pitch: -0.3
2024-09-06T18:28:04.672585+0000 INFO Updated sudo_users: 6621610889, target: -1001760486667, volume: 5,bass: 20, pitch: -0.3
2024-09-06T18:28:04.672585+0000 INFO Updated sudo_users: 6621610889, target: -1001760486667, volume: 5,bass: 20, pitch: -0.3
2024-09-06T18:28:04.672585+0000 INFO Updated sudo_users: 6621610889, target: -1001760486667, volume: 5,bass: 20, pitch: -0.3
2024-09-06T18:28:10.647957+0000 DEBUG Voice message file ID: AwACAgUAAyEFAASB8shtAAIGy2bbSbpqKDcWCEuxwbL9joR_UT1fAAL5EAACZ5DZVrVUIjW2mr5tHgQ
2024-09-06T18:28:10.647957+0000 DEBUG Voice message file ID: AwACAgUAAyEFAASB8shtAAIGy2bbSbpqKDcWCEuxwbL9joR_UT1fAAL5EAACZ5DZVrVUIjW2mr5tHgQ
2024-09-06T18:28:10.647957+0000 DEBUG Voice message file ID: AwACAgUAAyEFAASB8shtAAIGy2bbSbpqKDcWCEuxwbL9joR_UT1fAAL5EAACZ5DZVrVUIjW2mr5tHgQ
2024-09-06T18:28:10.647957+0000 DEBUG Voice message file ID: AwACAgUAAyEFAASB8shtAAIGy2bbSbpqKDcWCEuxwbL9joR_UT1fAAL5EAACZ5DZVrVUIjW2mr5tHgQ
2024-09-06T18:28:10.647957+0000 DEBUG Voice message file ID: AwACAgUAAyEFAASB8shtAAIGy2bbSbpqKDcWCEuxwbL9joR_UT1fAAL5EAACZ5DZVrVUIjW2mr5tHgQ
2024-09-06T18:28:10.649412+0000 DEBUG Downloading message: AwACAgUAAyEFAASB8shtAAIGy2bbSbpqKDcWCEuxwbL9joR_UT1fAAL5EAACZ5DZVrVUIjW2mr5tHgQ.ogg
2024-09-06T18:28:10.649412+0000 DEBUG Downloading message: AwACAgUAAyEFAASB8shtAAIGy2bbSbpqKDcWCEuxwbL9joR_UT1fAAL5EAACZ5DZVrVUIjW2mr5tHgQ.ogg
2024-09-06T18:28:10.649412+0000 DEBUG Downloading message: AwACAgUAAyEFAASB8shtAAIGy2bbSbpqKDcWCEuxwbL9joR_UT1fAAL5EAACZ5DZVrVUIjW2mr5tHgQ.ogg
2024-09-06T18:28:10.649412+0000 DEBUG Downloading message: AwACAgUAAyEFAASB8shtAAIGy2bbSbpqKDcWCEuxwbL9joR_UT1fAAL5EAACZ5DZVrVUIjW2mr5tHgQ.ogg
2024-09-06T18:28:10.649412+0000 DEBUG Downloading message: AwACAgUAAyEFAASB8shtAAIGy2bbSbpqKDcWCEuxwbL9joR_UT1fAAL5EAACZ5DZVrVUIjW2mr5tHgQ.ogg
2024-09-06T18:28:12.410150+0000 DEBUG Message downloaded: /workspaces/CHOCOAUTO-BOT/downloads/voice_2024-09-06_18-28-10_7411598674981027860.ogg
2024-09-06T18:28:12.410150+0000 DEBUG Message downloaded: /workspaces/CHOCOAUTO-BOT/downloads/voice_2024-09-06_18-28-10_7411598674981027860.ogg
2024-09-06T18:28:12.410150+0000 DEBUG Message downloaded: /workspaces/CHOCOAUTO-BOT/downloads/voice_2024-09-06_18-28-10_7411598674981027860.ogg
2024-09-06T18:28:12.410150+0000 DEBUG Message downloaded: /workspaces/CHOCOAUTO-BOT/downloads/voice_2024-09-06_18-28-10_7411598674981027860.ogg
2024-09-06T18:28:12.410150+0000 DEBUG Message downloaded: /workspaces/CHOCOAUTO-BOT/downloads/voice_2024-09-06_18-28-10_7411598674981027860.ogg
2024-09-06T18:28:12.653905+0000 DEBUG Message processed with bass, volume, and pitch adjusted
2024-09-06T18:28:12.653905+0000 DEBUG Message processed with bass, volume, and pitch adjusted
2024-09-06T18:28:12.653905+0000 DEBUG Message processed with bass, volume, and pitch adjusted
2024-09-06T18:28:12.653905+0000 DEBUG Message processed with bass, volume, and pitch adjusted
2024-09-06T18:28:12.653905+0000 DEBUG Message processed with bass, volume, and pitch adjusted
2024-09-06T18:28:12.686185+0000 DEBUG Added to queue: final_AwACAgUAAyEFAASB8shtAAIGy2bbSbpqKDcWCEuxwbL9joR_UT1fAAL5EAACZ5DZVrVUIjW2mr5tHgQ.ogg
2024-09-06T18:28:12.686185+0000 DEBUG Added to queue: final_AwACAgUAAyEFAASB8shtAAIGy2bbSbpqKDcWCEuxwbL9joR_UT1fAAL5EAACZ5DZVrVUIjW2mr5tHgQ.ogg
2024-09-06T18:28:12.686185+0000 DEBUG Added to queue: final_AwACAgUAAyEFAASB8shtAAIGy2bbSbpqKDcWCEuxwbL9joR_UT1fAAL5EAACZ5DZVrVUIjW2mr5tHgQ.ogg
2024-09-06T18:28:12.686185+0000 DEBUG Added to queue: final_AwACAgUAAyEFAASB8shtAAIGy2bbSbpqKDcWCEuxwbL9joR_UT1fAAL5EAACZ5DZVrVUIjW2mr5tHgQ.ogg
2024-09-06T18:28:12.686185+0000 DEBUG Added to queue: final_AwACAgUAAyEFAASB8shtAAIGy2bbSbpqKDcWCEuxwbL9joR_UT1fAAL5EAACZ5DZVrVUIjW2mr5tHgQ.ogg
2024-09-06T18:28:12.687332+0000 DEBUG Joining group call in chat: -1001760486667
2024-09-06T18:28:12.687332+0000 DEBUG Joining group call in chat: -1001760486667
2024-09-06T18:28:12.687332+0000 DEBUG Joining group call in chat: -1001760486667
2024-09-06T18:28:12.687332+0000 DEBUG Joining group call in chat: -1001760486667
2024-09-06T18:28:12.687332+0000 DEBUG Joining group call in chat: -1001760486667
2024-09-06T18:28:30.084029+0000 DEBUG Audio message file ID: CQACAgUAAyEFAASB8shtAAIGzGbbSc3fXnbWYSwN-jtsFMsYsXngAAIeDwAC-hiQVA9qb7zZWy4iHgQ, Format: ogg
2024-09-06T18:28:30.084029+0000 DEBUG Audio message file ID: CQACAgUAAyEFAASB8shtAAIGzGbbSc3fXnbWYSwN-jtsFMsYsXngAAIeDwAC-hiQVA9qb7zZWy4iHgQ, Format: ogg
2024-09-06T18:28:30.084029+0000 DEBUG Audio message file ID: CQACAgUAAyEFAASB8shtAAIGzGbbSc3fXnbWYSwN-jtsFMsYsXngAAIeDwAC-hiQVA9qb7zZWy4iHgQ, Format: ogg
2024-09-06T18:28:30.084029+0000 DEBUG Audio message file ID: CQACAgUAAyEFAASB8shtAAIGzGbbSc3fXnbWYSwN-jtsFMsYsXngAAIeDwAC-hiQVA9qb7zZWy4iHgQ, Format: ogg
2024-09-06T18:28:30.084029+0000 DEBUG Audio message file ID: CQACAgUAAyEFAASB8shtAAIGzGbbSc3fXnbWYSwN-jtsFMsYsXngAAIeDwAC-hiQVA9qb7zZWy4iHgQ, Format: ogg
2024-09-06T18:28:30.085716+0000 DEBUG Downloading message: CQACAgUAAyEFAASB8shtAAIGzGbbSc3fXnbWYSwN-jtsFMsYsXngAAIeDwAC-hiQVA9qb7zZWy4iHgQ.ogg
2024-09-06T18:28:30.085716+0000 DEBUG Downloading message: CQACAgUAAyEFAASB8shtAAIGzGbbSc3fXnbWYSwN-jtsFMsYsXngAAIeDwAC-hiQVA9qb7zZWy4iHgQ.ogg
2024-09-06T18:28:30.085716+0000 DEBUG Downloading message: CQACAgUAAyEFAASB8shtAAIGzGbbSc3fXnbWYSwN-jtsFMsYsXngAAIeDwAC-hiQVA9qb7zZWy4iHgQ.ogg
2024-09-06T18:28:30.085716+0000 DEBUG Downloading message: CQACAgUAAyEFAASB8shtAAIGzGbbSc3fXnbWYSwN-jtsFMsYsXngAAIeDwAC-hiQVA9qb7zZWy4iHgQ.ogg
2024-09-06T18:28:30.085716+0000 DEBUG Downloading message: CQACAgUAAyEFAASB8shtAAIGzGbbSc3fXnbWYSwN-jtsFMsYsXngAAIeDwAC-hiQVA9qb7zZWy4iHgQ.ogg
2024-09-06T18:28:32.257572+0000 DEBUG Message downloaded: /workspaces/CHOCOAUTO-BOT/downloads/record.ogg
2024-09-06T18:28:32.257572+0000 DEBUG Message downloaded: /workspaces/CHOCOAUTO-BOT/downloads/record.ogg
2024-09-06T18:28:32.257572+0000 DEBUG Message downloaded: /workspaces/CHOCOAUTO-BOT/downloads/record.ogg
2024-09-06T18:28:32.257572+0000 DEBUG Message downloaded: /workspaces/CHOCOAUTO-BOT/downloads/record.ogg
2024-09-06T18:28:32.257572+0000 DEBUG Message downloaded: /workspaces/CHOCOAUTO-BOT/downloads/record.ogg
2024-09-06T18:28:33.570401+0000 DEBUG Message processed with bass, volume, and pitch adjusted
2024-09-06T18:28:33.570401+0000 DEBUG Message processed with bass, volume, and pitch adjusted
2024-09-06T18:28:33.570401+0000 DEBUG Message processed with bass, volume, and pitch adjusted
2024-09-06T18:28:33.570401+0000 DEBUG Message processed with bass, volume, and pitch adjusted
2024-09-06T18:28:33.570401+0000 DEBUG Message processed with bass, volume, and pitch adjusted
2024-09-06T18:28:33.603290+0000 DEBUG Added to queue: final_CQACAgUAAyEFAASB8shtAAIGzGbbSc3fXnbWYSwN-jtsFMsYsXngAAIeDwAC-hiQVA9qb7zZWy4iHgQ.ogg
2024-09-06T18:28:33.603290+0000 DEBUG Added to queue: final_CQACAgUAAyEFAASB8shtAAIGzGbbSc3fXnbWYSwN-jtsFMsYsXngAAIeDwAC-hiQVA9qb7zZWy4iHgQ.ogg
2024-09-06T18:28:33.603290+0000 DEBUG Added to queue: final_CQACAgUAAyEFAASB8shtAAIGzGbbSc3fXnbWYSwN-jtsFMsYsXngAAIeDwAC-hiQVA9qb7zZWy4iHgQ.ogg
2024-09-06T18:28:33.603290+0000 DEBUG Added to queue: final_CQACAgUAAyEFAASB8shtAAIGzGbbSc3fXnbWYSwN-jtsFMsYsXngAAIeDwAC-hiQVA9qb7zZWy4iHgQ.ogg
2024-09-06T18:28:33.603290+0000 DEBUG Added to queue: final_CQACAgUAAyEFAASB8shtAAIGzGbbSc3fXnbWYSwN-jtsFMsYsXngAAIeDwAC-hiQVA9qb7zZWy4iHgQ.ogg
2024-09-06T18:28:33.605963+0000 DEBUG Joining group call in chat: -1001760486667
2024-09-06T18:28:33.605963+0000 DEBUG Joining group call in chat: -1001760486667
2024-09-06T18:28:33.605963+0000 DEBUG Joining group call in chat: -1001760486667
2024-09-06T18:28:33.605963+0000 DEBUG Joining group call in chat: -1001760486667
2024-09-06T18:28:33.605963+0000 DEBUG Joining group call in chat: -1001760486667
2024-09-06T18:28:55.154909+0000 INFO Updated sudo_users: 6621610889, target: -1001760486667, volume: 5,bass: 2, pitch: -0.3
2024-09-06T18:28:55.154909+0000 INFO Updated sudo_users: 6621610889, target: -1001760486667, volume: 5,bass: 2, pitch: -0.3
2024-09-06T18:28:55.154909+0000 INFO Updated sudo_users: 6621610889, target: -1001760486667, volume: 5,bass: 2, pitch: -0.3
2024-09-06T18:28:55.154909+0000 INFO Updated sudo_users: 6621610889, target: -1001760486667, volume: 5,bass: 2, pitch: -0.3
2024-09-06T18:28:55.154909+0000 INFO Updated sudo_users: 6621610889, target: -1001760486667, volume: 5,bass: 2, pitch: -0.3
2024-09-06T18:29:35.595821+0000 DEBUG Voice message file ID: AwACAgUAAyEFAASB8shtAAIG1WbbSg8VrAluyViTE7vtaZTCQZ8xAAL7EAACZ5DZVuxrx3PiJGYLHgQ
2024-09-06T18:29:35.595821+0000 DEBUG Voice message file ID: AwACAgUAAyEFAASB8shtAAIG1WbbSg8VrAluyViTE7vtaZTCQZ8xAAL7EAACZ5DZVuxrx3PiJGYLHgQ
2024-09-06T18:29:35.595821+0000 DEBUG Voice message file ID: AwACAgUAAyEFAASB8shtAAIG1WbbSg8VrAluyViTE7vtaZTCQZ8xAAL7EAACZ5DZVuxrx3PiJGYLHgQ
2024-09-06T18:29:35.595821+0000 DEBUG Voice message file ID: AwACAgUAAyEFAASB8shtAAIG1WbbSg8VrAluyViTE7vtaZTCQZ8xAAL7EAACZ5DZVuxrx3PiJGYLHgQ
2024-09-06T18:29:35.595821+0000 DEBUG Voice message file ID: AwACAgUAAyEFAASB8shtAAIG1WbbSg8VrAluyViTE7vtaZTCQZ8xAAL7EAACZ5DZVuxrx3PiJGYLHgQ
2024-09-06T18:29:35.597297+0000 DEBUG Downloading message: AwACAgUAAyEFAASB8shtAAIG1WbbSg8VrAluyViTE7vtaZTCQZ8xAAL7EAACZ5DZVuxrx3PiJGYLHgQ.ogg
2024-09-06T18:29:35.597297+0000 DEBUG Downloading message: AwACAgUAAyEFAASB8shtAAIG1WbbSg8VrAluyViTE7vtaZTCQZ8xAAL7EAACZ5DZVuxrx3PiJGYLHgQ.ogg
2024-09-06T18:29:35.597297+0000 DEBUG Downloading message: AwACAgUAAyEFAASB8shtAAIG1WbbSg8VrAluyViTE7vtaZTCQZ8xAAL7EAACZ5DZVuxrx3PiJGYLHgQ.ogg
2024-09-06T18:29:35.597297+0000 DEBUG Downloading message: AwACAgUAAyEFAASB8shtAAIG1WbbSg8VrAluyViTE7vtaZTCQZ8xAAL7EAACZ5DZVuxrx3PiJGYLHgQ.ogg
2024-09-06T18:29:35.597297+0000 DEBUG Downloading message: AwACAgUAAyEFAASB8shtAAIG1WbbSg8VrAluyViTE7vtaZTCQZ8xAAL7EAACZ5DZVuxrx3PiJGYLHgQ.ogg
2024-09-06T18:29:37.262601+0000 DEBUG Message downloaded: /workspaces/CHOCOAUTO-BOT/downloads/voice_2024-09-06_18-29-35_7411599040053248048.ogg
2024-09-06T18:29:37.262601+0000 DEBUG Message downloaded: /workspaces/CHOCOAUTO-BOT/downloads/voice_2024-09-06_18-29-35_7411599040053248048.ogg
2024-09-06T18:29:37.262601+0000 DEBUG Message downloaded: /workspaces/CHOCOAUTO-BOT/downloads/voice_2024-09-06_18-29-35_7411599040053248048.ogg
2024-09-06T18:29:37.262601+0000 DEBUG Message downloaded: /workspaces/CHOCOAUTO-BOT/downloads/voice_2024-09-06_18-29-35_7411599040053248048.ogg
2024-09-06T18:29:37.262601+0000 DEBUG Message downloaded: /workspaces/CHOCOAUTO-BOT/downloads/voice_2024-09-06_18-29-35_7411599040053248048.ogg
2024-09-06T18:29:37.505423+0000 DEBUG Message processed with bass, volume, and pitch adjusted
2024-09-06T18:29:37.505423+0000 DEBUG Message processed with bass, volume, and pitch adjusted
2024-09-06T18:29:37.505423+0000 DEBUG Message processed with bass, volume, and pitch adjusted
2024-09-06T18:29:37.505423+0000 DEBUG Message processed with bass, volume, and pitch adjusted
2024-09-06T18:29:37.505423+0000 DEBUG Message processed with bass, volume, and pitch adjusted
2024-09-06T18:29:37.553857+0000 DEBUG Added to queue: final_AwACAgUAAyEFAASB8shtAAIG1WbbSg8VrAluyViTE7vtaZTCQZ8xAAL7EAACZ5DZVuxrx3PiJGYLHgQ.ogg
2024-09-06T18:29:37.553857+0000 DEBUG Added to queue: final_AwACAgUAAyEFAASB8shtAAIG1WbbSg8VrAluyViTE7vtaZTCQZ8xAAL7EAACZ5DZVuxrx3PiJGYLHgQ.ogg
2024-09-06T18:29:37.553857+0000 DEBUG Added to queue: final_AwACAgUAAyEFAASB8shtAAIG1WbbSg8VrAluyViTE7vtaZTCQZ8xAAL7EAACZ5DZVuxrx3PiJGYLHgQ.ogg
2024-09-06T18:29:37.553857+0000 DEBUG Added to queue: final_AwACAgUAAyEFAASB8shtAAIG1WbbSg8VrAluyViTE7vtaZTCQZ8xAAL7EAACZ5DZVuxrx3PiJGYLHgQ.ogg
2024-09-06T18:29:37.553857+0000 DEBUG Added to queue: final_AwACAgUAAyEFAASB8shtAAIG1WbbSg8VrAluyViTE7vtaZTCQZ8xAAL7EAACZ5DZVuxrx3PiJGYLHgQ.ogg
2024-09-06T18:29:37.554910+0000 DEBUG Joining group call in chat: -1001760486667
2024-09-06T18:29:37.554910+0000 DEBUG Joining group call in chat: -1001760486667
2024-09-06T18:29:37.554910+0000 DEBUG Joining group call in chat: -1001760486667
2024-09-06T18:29:37.554910+0000 DEBUG Joining group call in chat: -1001760486667
2024-09-06T18:29:37.554910+0000 DEBUG Joining group call in chat: -1001760486667
